TN:
SF:src/command-executor.ts
FN:15,stripAnsi
FN:26,(anonymous_10)
FN:31,(anonymous_11)
FN:36,(anonymous_12)
FN:79,(anonymous_13)
FN:91,(anonymous_14)
FN:127,(anonymous_16)
FN:158,(anonymous_17)
FN:181,(anonymous_18)
FN:184,(anonymous_19)
FN:190,(anonymous_20)
FN:199,(anonymous_21)
FNF:12
FNH:0
FNDA:0,stripAnsi
FNDA:0,(anonymous_10)
FNDA:0,(anonymous_11)
FNDA:0,(anonymous_12)
FNDA:0,(anonymous_13)
FNDA:0,(anonymous_14)
FNDA:0,(anonymous_16)
FNDA:0,(anonymous_17)
FNDA:0,(anonymous_18)
FNDA:0,(anonymous_19)
FNDA:0,(anonymous_20)
FNDA:0,(anonymous_21)
DA:9,0
DA:10,0
DA:16,0
DA:22,0
DA:23,0
DA:24,0
DA:32,0
DA:35,0
DA:36,0
DA:38,0
DA:41,0
DA:44,0
DA:50,0
DA:51,0
DA:52,0
DA:53,0
DA:55,0
DA:56,0
DA:58,0
DA:61,0
DA:65,0
DA:66,0
DA:67,0
DA:71,0
DA:74,0
DA:75,0
DA:76,0
DA:78,0
DA:79,0
DA:80,0
DA:81,0
DA:82,0
DA:85,0
DA:92,0
DA:94,0
DA:95,0
DA:98,0
DA:112,0
DA:113,0
DA:114,0
DA:115,0
DA:118,0
DA:120,0
DA:122,0
DA:123,0
DA:124,0
DA:127,0
DA:130,0
DA:133,0
DA:134,0
DA:137,0
DA:138,0
DA:140,0
DA:141,0
DA:142,0
DA:143,0
DA:144,0
DA:145,0
DA:146,0
DA:147,0
DA:148,0
DA:151,0
DA:156,0
DA:157,0
DA:158,0
DA:163,0
DA:164,0
DA:165,0
DA:166,0
DA:170,0
DA:171,0
DA:175,0
DA:183,0
DA:184,0
DA:193,0
DA:200,0
LF:76
LH:0
BRDA:38,0,0,0
BRDA:38,0,1,0
BRDA:41,1,0,0
BRDA:41,1,1,0
BRDA:53,2,0,0
BRDA:53,2,1,0
BRDA:56,3,0,0
BRDA:56,3,1,0
BRDA:78,4,0,0
BRDA:78,4,1,0
BRDA:92,5,0,0
BRDA:94,6,0,0
BRDA:94,6,1,0
BRDA:120,7,0,0
BRDA:120,7,1,0
BRDA:122,8,0,0
BRDA:122,9,0,0
BRDA:122,9,1,0
BRDA:141,10,0,0
BRDA:145,11,0,0
BRDA:156,12,0,0
BRDA:156,13,0,0
BRDA:156,13,1,0
BRDA:156,13,2,0
BRDA:156,13,3,0
BRDA:158,14,0,0
BRDA:158,14,1,0
BRDA:164,15,0,0
BRF:28
BRH:0
end_of_record
TN:
SF:src/command-logger.ts
FN:41,(anonymous_0)
FN:51,(anonymous_1)
FN:79,(anonymous_2)
FN:118,(anonymous_3)
FN:164,(anonymous_4)
FN:177,(anonymous_5)
FN:184,(anonymous_6)
FN:189,(anonymous_7)
FN:195,(anonymous_8)
FN:204,(anonymous_9)
FN:214,(anonymous_10)
FN:224,(anonymous_11)
FN:255,(anonymous_12)
FN:262,(anonymous_13)
FN:292,(anonymous_14)
FN:297,(anonymous_15)
FN:302,(anonymous_16)
FN:315,(anonymous_17)
FN:339,(anonymous_18)
FN:354,(anonymous_19)
FN:366,(anonymous_20)
FN:373,(anonymous_21)
FNF:22
FNH:0
FNDA:0,(anonymous_0)
FNDA:0,(anonymous_1)
FNDA:0,(anonymous_2)
FNDA:0,(anonymous_3)
FNDA:0,(anonymous_4)
FNDA:0,(anonymous_5)
FNDA:0,(anonymous_6)
FNDA:0,(anonymous_7)
FNDA:0,(anonymous_8)
FNDA:0,(anonymous_9)
FNDA:0,(anonymous_10)
FNDA:0,(anonymous_11)
FNDA:0,(anonymous_12)
FNDA:0,(anonymous_13)
FNDA:0,(anonymous_14)
FNDA:0,(anonymous_15)
FNDA:0,(anonymous_16)
FNDA:0,(anonymous_17)
FNDA:0,(anonymous_18)
FNDA:0,(anonymous_19)
FNDA:0,(anonymous_20)
FNDA:0,(anonymous_21)
DA:1,0
DA:2,0
DA:3,0
DA:4,0
DA:35,0
DA:42,0
DA:43,0
DA:44,0
DA:45,0
DA:52,0
DA:53,0
DA:54,0
DA:58,0
DA:59,0
DA:63,0
DA:64,0
DA:69,0
DA:72,0
DA:80,0
DA:81,0
DA:83,0
DA:104,0
DA:105,0
DA:106,0
DA:109,0
DA:111,0
DA:119,0
DA:120,0
DA:122,0
DA:143,0
DA:145,0
DA:147,0
DA:148,0
DA:151,0
DA:154,0
DA:155,0
DA:157,0
DA:165,0
DA:166,0
DA:167,0
DA:168,0
DA:170,0
DA:178,0
DA:179,0
DA:180,0
DA:183,0
DA:184,0
DA:187,0
DA:189,0
DA:190,0
DA:191,0
DA:193,0
DA:195,0
DA:197,0
DA:205,0
DA:207,0
DA:208,0
DA:209,0
DA:213,0
DA:214,0
DA:216,0
DA:217,0
DA:225,0
DA:226,0
DA:228,0
DA:229,0
DA:232,0
DA:233,0
DA:235,0
DA:236,0
DA:237,0
DA:239,0
DA:240,0
DA:241,0
DA:242,0
DA:243,0
DA:244,0
DA:245,0
DA:246,0
DA:249,0
DA:256,0
DA:257,0
DA:259,0
DA:262,0
DA:264,0
DA:265,0
DA:268,0
DA:269,0
DA:271,0
DA:272,0
DA:273,0
DA:275,0
DA:276,0
DA:277,0
DA:278,0
DA:279,0
DA:280,0
DA:281,0
DA:282,0
DA:283,0
DA:286,0
DA:293,0
DA:294,0
DA:295,0
DA:297,0
DA:298,0
DA:302,0
DA:303,0
DA:305,0
DA:307,0
DA:308,0
DA:316,0
DA:317,0
DA:318,0
DA:320,0
DA:322,0
DA:323,0
DA:324,0
DA:325,0
DA:327,0
DA:328,0
DA:329,0
DA:332,0
DA:340,0
DA:341,0
DA:343,0
DA:344,0
DA:345,0
DA:347,0
DA:350,0
DA:355,0
DA:356,0
DA:360,0
DA:362,0
DA:367,0
DA:368,0
DA:369,0
DA:370,0
DA:374,0
DA:375,0
DA:376,0
DA:377,0
DA:378,0
DA:379,0
DA:380,0
DA:381,0
DA:387,0
LF:147
LH:0
BRDA:42,0,0,0
BRDA:42,0,1,0
BRDA:53,1,0,0
BRDA:58,2,0,0
BRDA:63,3,0,0
BRDA:90,4,0,0
BRDA:90,4,1,0
BRDA:99,5,0,0
BRDA:99,5,1,0
BRDA:129,6,0,0
BRDA:129,6,1,0
BRDA:138,7,0,0
BRDA:138,7,1,0
BRDA:145,8,0,0
BRDA:145,8,1,0
BRDA:145,9,0,0
BRDA:145,9,1,0
BRDA:145,9,2,0
BRDA:177,10,0,0
BRDA:179,11,0,0
BRDA:208,12,0,0
BRDA:214,13,0,0
BRDA:214,13,1,0
BRDA:228,14,0,0
BRDA:236,15,0,0
BRDA:236,15,1,0
BRDA:243,16,0,0
BRDA:244,17,0,0
BRDA:255,18,0,0
BRDA:264,19,0,0
BRDA:272,20,0,0
BRDA:272,20,1,0
BRDA:279,21,0,0
BRDA:280,22,0,0
BRDA:282,23,0,0
BRDA:292,24,0,0
BRDA:320,25,0,0
BRDA:343,26,0,0
BRDA:343,26,1,0
BRDA:367,27,0,0
BRDA:368,28,0,0
BRDA:369,29,0,0
BRDA:374,30,0,0
BRDA:374,30,1,0
BRDA:374,30,2,0
BRDA:374,30,3,0
BRDA:374,30,4,0
BRDA:374,30,5,0
BRDA:374,30,6,0
BRF:49
BRH:0
end_of_record
TN:
SF:src/enhanced-executor.ts
FN:31,logEntryToCommand
FN:54,executeCommand
FN:91,(anonymous_11)
FN:118,(anonymous_12)
FN:160,cancelCommand
FN:190,getEnhancedCommandStatus
FN:203,listActiveCommands
FN:210,(anonymous_16)
FN:211,(anonymous_17)
FN:214,(anonymous_18)
FN:228,listActiveCommandsSync
FN:236,listAllCommands
FN:246,(anonymous_21)
FN:247,(anonymous_22)
FN:252,(anonymous_23)
FN:255,(anonymous_24)
FN:269,listAllCommandsSync
FN:277,cleanupOldCommands
FNF:18
FNH:0
FNDA:0,logEntryToCommand
FNDA:0,executeCommand
FNDA:0,(anonymous_11)
FNDA:0,(anonymous_12)
FNDA:0,cancelCommand
FNDA:0,getEnhancedCommandStatus
FNDA:0,listActiveCommands
FNDA:0,(anonymous_16)
FNDA:0,(anonymous_17)
FNDA:0,(anonymous_18)
FNDA:0,listActiveCommandsSync
FNDA:0,listAllCommands
FNDA:0,(anonymous_21)
FNDA:0,(anonymous_22)
FNDA:0,(anonymous_23)
FNDA:0,(anonymous_24)
FNDA:0,listAllCommandsSync
FNDA:0,cleanupOldCommands
DA:1,0
DA:2,0
DA:3,0
DA:4,0
DA:5,0
DA:6,0
DA:8,0
DA:32,0
DA:54,0
DA:63,0
DA:64,0
DA:67,0
DA:78,0
DA:80,0
DA:82,0
DA:85,0
DA:86,0
DA:87,0
DA:90,0
DA:91,0
DA:94,0
DA:95,0
DA:97,0
DA:101,0
DA:102,0
DA:103,0
DA:104,0
DA:105,0
DA:106,0
DA:110,0
DA:111,0
DA:114,0
DA:117,0
DA:118,0
DA:122,0
DA:123,0
DA:124,0
DA:125,0
DA:126,0
DA:127,0
DA:128,0
DA:129,0
DA:131,0
DA:132,0
DA:133,0
DA:136,0
DA:139,0
DA:141,0
DA:144,0
DA:145,0
DA:146,0
DA:149,0
DA:151,0
DA:160,0
DA:161,0
DA:163,0
DA:165,0
DA:166,0
DA:169,0
DA:172,0
DA:173,0
DA:174,0
DA:175,0
DA:178,0
DA:180,0
DA:182,0
DA:183,0
DA:190,0
DA:191,0
DA:192,0
DA:193,0
DA:195,0
DA:196,0
DA:203,0
DA:204,0
DA:206,0
DA:209,0
DA:210,0
DA:211,0
DA:214,0
DA:215,0
DA:219,0
DA:220,0
DA:228,0
DA:229,0
DA:230,0
DA:236,0
DA:237,0
DA:239,0
DA:242,0
DA:245,0
DA:246,0
DA:247,0
DA:251,0
DA:252,0
DA:255,0
DA:256,0
DA:260,0
DA:261,0
DA:269,0
DA:270,0
DA:271,0
DA:277,0
DA:278,0
DA:281,0
DA:282,0
DA:284,0
DA:285,0
DA:287,0
DA:289,0
DA:290,0
DA:291,0
DA:292,0
DA:293,0
DA:294,0
DA:297,0
DA:302,0
LF:117
LH:0
BRDA:38,0,0,0
BRDA:38,0,1,0
BRDA:43,1,0,0
BRDA:43,1,1,0
BRDA:44,2,0,0
BRDA:44,2,1,0
BRDA:57,3,0,0
BRDA:64,4,0,0
BRDA:64,5,0,0
BRDA:101,6,0,0
BRDA:122,7,0,0
BRDA:122,7,1,0
BRDA:122,8,0,0
BRDA:122,8,1,0
BRDA:125,9,0,0
BRDA:125,9,1,0
BRDA:126,10,0,0
BRDA:126,10,1,0
BRDA:126,11,0,0
BRDA:126,11,1,0
BRDA:132,12,0,0
BRDA:132,12,1,0
BRDA:133,13,0,0
BRDA:133,13,1,0
BRDA:146,14,0,0
BRDA:146,14,1,0
BRDA:165,15,0,0
BRDA:165,16,0,0
BRDA:165,16,1,0
BRDA:165,16,2,0
BRDA:193,17,0,0
BRDA:193,17,1,0
BRDA:210,18,0,0
BRDA:210,18,1,0
BRDA:277,19,0,0
BRDA:287,20,0,0
BRDA:290,21,0,0
BRF:37
BRH:0
end_of_record
TN:
SF:src/fzf-integration.ts
FN:41,(anonymous_10)
FN:50,(anonymous_11)
FN:52,(anonymous_12)
FN:54,(anonymous_13)
FN:55,(anonymous_14)
FN:56,(anonymous_15)
FN:66,(anonymous_16)
FN:71,(anonymous_17)
FN:83,(anonymous_18)
FN:87,(anonymous_19)
FN:88,(anonymous_20)
FN:96,(anonymous_21)
FN:109,(anonymous_22)
FN:122,(anonymous_23)
FN:140,(anonymous_24)
FN:153,(anonymous_25)
FN:170,(anonymous_26)
FN:181,(anonymous_27)
FN:206,(anonymous_28)
FN:219,(anonymous_29)
FN:236,(anonymous_30)
FN:269,(anonymous_31)
FN:293,(anonymous_32)
FN:309,(anonymous_33)
FN:317,(anonymous_34)
FN:324,(anonymous_35)
FN:349,(anonymous_36)
FN:360,(anonymous_37)
FN:375,(anonymous_38)
FN:392,(anonymous_39)
FN:413,(anonymous_40)
FN:426,(anonymous_41)
FN:435,(anonymous_42)
FN:438,(anonymous_43)
FNF:34
FNH:0
FNDA:0,(anonymous_10)
FNDA:0,(anonymous_11)
FNDA:0,(anonymous_12)
FNDA:0,(anonymous_13)
FNDA:0,(anonymous_14)
FNDA:0,(anonymous_15)
FNDA:0,(anonymous_16)
FNDA:0,(anonymous_17)
FNDA:0,(anonymous_18)
FNDA:0,(anonymous_19)
FNDA:0,(anonymous_20)
FNDA:0,(anonymous_21)
FNDA:0,(anonymous_22)
FNDA:0,(anonymous_23)
FNDA:0,(anonymous_24)
FNDA:0,(anonymous_25)
FNDA:0,(anonymous_26)
FNDA:0,(anonymous_27)
FNDA:0,(anonymous_28)
FNDA:0,(anonymous_29)
FNDA:0,(anonymous_30)
FNDA:0,(anonymous_31)
FNDA:0,(anonymous_32)
FNDA:0,(anonymous_33)
FNDA:0,(anonymous_34)
FNDA:0,(anonymous_35)
FNDA:0,(anonymous_36)
FNDA:0,(anonymous_37)
FNDA:0,(anonymous_38)
FNDA:0,(anonymous_39)
FNDA:0,(anonymous_40)
FNDA:0,(anonymous_41)
FNDA:0,(anonymous_42)
FNDA:0,(anonymous_43)
DA:1,0
DA:2,0
DA:3,0
DA:4,0
DA:5,0
DA:6,0
DA:37,0
DA:43,0
DA:44,0
DA:51,0
DA:52,0
DA:53,0
DA:54,0
DA:55,0
DA:56,0
DA:59,0
DA:67,0
DA:68,0
DA:71,0
DA:72,0
DA:73,0
DA:78,0
DA:79,0
DA:80,0
DA:82,0
DA:83,0
DA:84,0
DA:87,0
DA:88,0
DA:89,0
DA:96,0
DA:97,0
DA:110,0
DA:112,0
DA:113,0
DA:114,0
DA:115,0
DA:122,0
DA:124,0
DA:141,0
DA:143,0
DA:144,0
DA:145,0
DA:146,0
DA:153,0
DA:155,0
DA:171,0
DA:173,0
DA:174,0
DA:181,0
DA:183,0
DA:207,0
DA:209,0
DA:210,0
DA:211,0
DA:212,0
DA:219,0
DA:221,0
DA:237,0
DA:254,0
DA:270,0
DA:271,0
DA:272,0
DA:273,0
DA:274,0
DA:276,0
DA:278,0
DA:280,0
DA:281,0
DA:283,0
DA:284,0
DA:286,0
DA:294,0
DA:295,0
DA:303,0
DA:311,0
DA:318,0
DA:325,0
DA:327,0
DA:328,0
DA:329,0
DA:330,0
DA:331,0
DA:333,0
DA:334,0
DA:335,0
DA:336,0
DA:337,0
DA:338,0
DA:340,0
DA:341,0
DA:344,0
DA:345,0
DA:348,0
DA:349,0
DA:350,0
DA:354,0
DA:361,0
DA:362,0
DA:363,0
DA:364,0
DA:365,0
DA:366,0
DA:367,0
DA:368,0
DA:376,0
DA:380,0
DA:381,0
DA:382,0
DA:384,0
DA:385,0
DA:386,0
DA:393,0
DA:394,0
DA:395,0
DA:397,0
DA:398,0
DA:403,0
DA:415,0
DA:416,0
DA:418,0
DA:420,0
DA:427,0
DA:428,0
DA:429,0
DA:436,0
DA:437,0
DA:438,0
DA:440,0
DA:441,0
DA:442,0
LF:131
LH:0
BRDA:66,0,0,0
BRDA:67,1,0,0
BRDA:91,2,0,0
BRDA:91,2,1,0
BRDA:92,3,0,0
BRDA:92,3,1,0
BRDA:112,4,0,0
BRDA:143,5,0,0
BRDA:173,6,0,0
BRDA:209,7,0,0
BRDA:226,8,0,0
BRDA:226,8,1,0
BRDA:271,9,0,0
BRDA:271,9,1,0
BRDA:276,10,0,0
BRDA:276,10,1,0
BRDA:276,10,2,0
BRDA:276,10,3,0
BRDA:280,11,0,0
BRDA:280,11,1,0
BRDA:283,12,0,0
BRDA:283,12,1,0
BRDA:298,13,0,0
BRDA:298,13,1,0
BRDA:299,14,0,0
BRDA:299,14,1,0
BRDA:300,15,0,0
BRDA:300,15,1,0
BRDA:327,16,0,0
BRDA:328,17,0,0
BRDA:329,18,0,0
BRDA:330,19,0,0
BRDA:331,20,0,0
BRDA:333,21,0,0
BRDA:334,22,0,0
BRDA:335,23,0,0
BRDA:336,24,0,0
BRDA:337,25,0,0
BRDA:338,26,0,0
BRDA:340,27,0,0
BRDA:344,28,0,0
BRDA:348,29,0,0
BRDA:361,30,0,0
BRDA:361,30,1,0
BRDA:361,30,2,0
BRDA:361,30,3,0
BRDA:361,30,4,0
BRDA:361,30,5,0
BRDA:361,30,6,0
BRDA:376,31,0,0
BRDA:376,31,1,0
BRDA:380,32,0,0
BRDA:381,33,0,0
BRDA:382,34,0,0
BRDA:397,35,0,0
BRDA:397,35,1,0
BRDA:416,36,0,0
BRDA:438,37,0,0
BRDA:438,37,1,0
BRF:59
BRH:0
end_of_record
TN:
SF:src/ink-tui-app.tsx
FN:45,(anonymous_9)
FN:68,(anonymous_10)
FN:78,(anonymous_11)
FN:85,(anonymous_12)
FN:95,(anonymous_13)
FN:108,(anonymous_14)
FN:141,(anonymous_15)
FN:148,(anonymous_16)
FN:155,(anonymous_17)
FN:159,(anonymous_18)
FN:173,(anonymous_19)
FN:174,(anonymous_20)
FN:178,(anonymous_21)
FN:182,(anonymous_22)
FN:192,(anonymous_23)
FN:201,(anonymous_24)
FN:217,(anonymous_25)
FN:228,(anonymous_26)
FN:239,(anonymous_27)
FN:254,(anonymous_28)
FN:255,(anonymous_29)
FN:258,(anonymous_30)
FN:259,(anonymous_31)
FN:267,(anonymous_32)
FN:268,(anonymous_33)
FN:273,(anonymous_34)
FN:278,(anonymous_35)
FN:282,(anonymous_36)
FN:290,(anonymous_37)
FN:306,(anonymous_38)
FN:347,(anonymous_39)
FNF:31
FNH:0
FNDA:0,(anonymous_9)
FNDA:0,(anonymous_10)
FNDA:0,(anonymous_11)
FNDA:0,(anonymous_12)
FNDA:0,(anonymous_13)
FNDA:0,(anonymous_14)
FNDA:0,(anonymous_15)
FNDA:0,(anonymous_16)
FNDA:0,(anonymous_17)
FNDA:0,(anonymous_18)
FNDA:0,(anonymous_19)
FNDA:0,(anonymous_20)
FNDA:0,(anonymous_21)
FNDA:0,(anonymous_22)
FNDA:0,(anonymous_23)
FNDA:0,(anonymous_24)
FNDA:0,(anonymous_25)
FNDA:0,(anonymous_26)
FNDA:0,(anonymous_27)
FNDA:0,(anonymous_28)
FNDA:0,(anonymous_29)
FNDA:0,(anonymous_30)
FNDA:0,(anonymous_31)
FNDA:0,(anonymous_32)
FNDA:0,(anonymous_33)
FNDA:0,(anonymous_34)
FNDA:0,(anonymous_35)
FNDA:0,(anonymous_36)
FNDA:0,(anonymous_37)
FNDA:0,(anonymous_38)
FNDA:0,(anonymous_39)
DA:1,0
DA:2,0
DA:3,0
DA:4,0
DA:5,0
DA:6,0
DA:7,0
DA:8,0
DA:9,0
DA:10,0
DA:11,0
DA:12,0
DA:13,0
DA:14,0
DA:45,0
DA:48,0
DA:51,0
DA:52,0
DA:53,0
DA:54,0
DA:55,0
DA:56,0
DA:57,0
DA:60,0
DA:65,0
DA:68,0
DA:69,0
DA:70,0
DA:71,0
DA:73,0
DA:78,0
DA:79,0
DA:83,0
DA:84,0
DA:85,0
DA:86,0
DA:93,0
DA:95,0
DA:96,0
DA:98,0
DA:101,0
DA:104,0
DA:108,0
DA:109,0
DA:110,0
DA:115,0
DA:116,0
DA:131,0
DA:139,0
DA:142,0
DA:143,0
DA:144,0
DA:145,0
DA:149,0
DA:150,0
DA:151,0
DA:152,0
DA:156,0
DA:157,0
DA:160,0
DA:161,0
DA:173,0
DA:175,0
DA:176,0
DA:179,0
DA:180,0
DA:183,0
DA:184,0
DA:185,0
DA:186,0
DA:187,0
DA:188,0
DA:193,0
DA:194,0
DA:195,0
DA:196,0
DA:197,0
DA:202,0
DA:203,0
DA:204,0
DA:205,0
DA:207,0
DA:208,0
DA:210,0
DA:213,0
DA:218,0
DA:219,0
DA:221,0
DA:222,0
DA:229,0
DA:230,0
DA:231,0
DA:234,0
DA:240,0
DA:241,0
DA:242,0
DA:243,0
DA:250,0
DA:255,0
DA:259,0
DA:268,0
DA:269,0
DA:272,0
DA:273,0
DA:275,0
DA:276,0
DA:278,0
DA:279,0
DA:282,0
DA:283,0
DA:284,0
DA:285,0
DA:292,0
DA:297,0
DA:303,0
DA:306,0
DA:307,0
DA:310,0
DA:348,0
DA:349,0
DA:352,0
LF:121
LH:0
BRDA:46,0,0,0
BRDA:75,1,0,0
BRDA:75,1,1,0
BRDA:83,2,0,0
BRDA:86,3,0,0
BRDA:86,3,1,0
BRDA:86,3,2,0
BRDA:93,4,0,0
BRDA:93,4,1,0
BRDA:96,5,0,0
BRDA:96,5,1,0
BRDA:109,6,0,0
BRDA:115,7,0,0
BRDA:115,7,1,0
BRDA:116,8,0,0
BRDA:116,8,1,0
BRDA:142,9,0,0
BRDA:149,10,0,0
BRDA:202,11,0,0
BRDA:207,12,0,0
BRDA:207,12,1,0
BRDA:218,13,0,0
BRDA:221,14,0,0
BRDA:221,15,0,0
BRDA:221,15,1,0
BRDA:241,16,0,0
BRDA:245,17,0,0
BRDA:245,17,1,0
BRDA:261,18,0,0
BRDA:261,18,1,0
BRDA:272,19,0,0
BRDA:279,20,0,0
BRDA:279,20,1,0
BRDA:303,21,0,0
BRDA:303,21,1,0
BRDA:307,22,0,0
BRDA:307,22,1,0
BRDA:332,23,0,0
BRDA:332,23,1,0
BRDA:344,24,0,0
BRDA:344,24,1,0
BRDA:348,25,0,0
BRDA:358,26,0,0
BRDA:358,26,1,0
BRF:44
BRH:0
end_of_record
TN:
SF:src/ink-tui-manager.tsx
FN:11,(anonymous_1)
FN:13,(anonymous_2)
FN:50,(anonymous_3)
FN:52,(anonymous_4)
FN:65,(anonymous_5)
FN:77,(anonymous_6)
FN:100,(anonymous_7)
FNF:7
FNH:0
FNDA:0,(anonymous_1)
FNDA:0,(anonymous_2)
FNDA:0,(anonymous_3)
FNDA:0,(anonymous_4)
FNDA:0,(anonymous_5)
FNDA:0,(anonymous_6)
FNDA:0,(anonymous_7)
DA:1,0
DA:2,0
DA:3,0
DA:4,0
DA:6,0
DA:8,0
DA:9,0
DA:11,0
DA:14,0
DA:15,0
DA:18,0
DA:20,0
DA:22,0
DA:25,0
DA:28,0
DA:29,0
DA:30,0
DA:33,0
DA:41,0
DA:43,0
DA:44,0
DA:46,0
DA:52,0
DA:53,0
DA:57,0
DA:58,0
DA:59,0
DA:60,0
DA:61,0
DA:62,0
DA:66,0
DA:67,0
DA:68,0
DA:69,0
DA:70,0
DA:71,0
DA:72,0
DA:73,0
DA:78,0
DA:79,0
DA:82,0
DA:85,0
DA:86,0
DA:89,0
DA:90,0
DA:91,0
DA:95,0
DA:101,0
LF:48
LH:0
BRDA:11,0,0,0
BRDA:14,1,0,0
BRDA:66,2,0,0
BRDA:78,3,0,0
BRDA:89,4,0,0
BRF:5
BRH:0
end_of_record
TN:
SF:src/shell-strategies.ts
FN:9,stripAnsi
FN:52,(anonymous_1)
FN:61,(anonymous_2)
FN:65,(anonymous_3)
FN:69,(anonymous_4)
FN:79,(anonymous_5)
FN:83,(anonymous_6)
FN:87,(anonymous_7)
FN:97,(anonymous_8)
FN:101,(anonymous_9)
FN:105,(anonymous_10)
FN:110,(anonymous_11)
FN:119,(anonymous_12)
FN:131,(anonymous_13)
FN:151,(anonymous_14)
FN:160,(anonymous_15)
FN:169,(anonymous_16)
FN:184,(anonymous_17)
FN:242,escapeShellString
FNF:19
FNH:0
FNDA:0,stripAnsi
FNDA:0,(anonymous_1)
FNDA:0,(anonymous_2)
FNDA:0,(anonymous_3)
FNDA:0,(anonymous_4)
FNDA:0,(anonymous_5)
FNDA:0,(anonymous_6)
FNDA:0,(anonymous_7)
FNDA:0,(anonymous_8)
FNDA:0,(anonymous_9)
FNDA:0,(anonymous_10)
FNDA:0,(anonymous_11)
FNDA:0,(anonymous_12)
FNDA:0,(anonymous_13)
FNDA:0,(anonymous_14)
FNDA:0,(anonymous_15)
FNDA:0,(anonymous_16)
FNDA:0,(anonymous_17)
FNDA:0,escapeShellString
DA:10,0
DA:44,0
DA:53,0
DA:60,0
DA:62,0
DA:66,0
DA:70,0
DA:71,0
DA:78,0
DA:80,0
DA:84,0
DA:88,0
DA:89,0
DA:96,0
DA:98,0
DA:102,0
DA:106,0
DA:107,0
DA:111,0
DA:118,0
DA:120,0
DA:127,0
DA:128,0
DA:133,0
DA:134,0
DA:135,0
DA:136,0
DA:138,0
DA:139,0
DA:140,0
DA:141,0
DA:144,0
DA:152,0
DA:161,0
DA:162,0
DA:170,0
DA:171,0
DA:172,0
DA:173,0
DA:175,0
DA:185,0
DA:186,0
DA:187,0
DA:188,0
DA:191,0
DA:193,0
DA:194,0
DA:195,0
DA:198,0
DA:199,0
DA:200,0
DA:203,0
DA:204,0
DA:205,0
DA:206,0
DA:207,0
DA:208,0
DA:209,0
DA:211,0
DA:212,0
DA:213,0
DA:214,0
DA:215,0
DA:217,0
DA:218,0
DA:219,0
DA:220,0
DA:221,0
DA:226,0
DA:227,0
DA:230,0
DA:231,0
DA:233,0
DA:234,0
DA:242,0
DA:243,0
LF:76
LH:0
BRDA:162,0,0,0
BRDA:162,0,1,0
BRDA:186,1,0,0
BRDA:186,2,0,0
BRDA:186,2,1,0
BRDA:193,3,0,0
BRDA:193,4,0,0
BRDA:193,4,1,0
BRDA:205,5,0,0
BRDA:205,5,1,0
BRDA:205,6,0,0
BRDA:205,6,1,0
BRDA:207,7,0,0
BRDA:211,8,0,0
BRDA:211,8,1,0
BRDA:211,9,0,0
BRDA:211,9,1,0
BRDA:213,10,0,0
BRDA:217,11,0,0
BRDA:217,12,0,0
BRDA:217,12,1,0
BRDA:219,13,0,0
BRDA:226,14,0,0
BRDA:226,15,0,0
BRDA:226,15,1,0
BRDA:227,16,0,0
BRDA:227,16,1,0
BRF:27
BRH:0
end_of_record
TN:
SF:src/tmux.ts
FN:43,setShellConfig
FN:57,executeTmux
FN:69,isTmuxRunning
FN:81,listSessions
FN:87,(anonymous_4)
FN:101,findSessionByName
FN:104,(anonymous_6)
FN:113,listWindows
FN:119,(anonymous_8)
FN:133,listPanes
FN:139,(anonymous_10)
FN:153,capturePaneContent
FN:160,createSession
FN:168,createWindow
FN:171,(anonymous_14)
FN:177,splitPane
FN:199,(anonymous_16)
FN:212,executeCommand
FN:235,checkCommandStatus
FN:288,getCommand
FN:293,getActiveCommandIds
FN:298,cleanupOldCommands
FN:310,getEndMarkerText
FN:321,sendKeysRaw
FN:349,getCompleteHierarchy
FNF:25
FNH:0
FNDA:0,setShellConfig
FNDA:0,executeTmux
FNDA:0,isTmuxRunning
FNDA:0,listSessions
FNDA:0,(anonymous_4)
FNDA:0,findSessionByName
FNDA:0,(anonymous_6)
FNDA:0,listWindows
FNDA:0,(anonymous_8)
FNDA:0,listPanes
FNDA:0,(anonymous_10)
FNDA:0,capturePaneContent
FNDA:0,createSession
FNDA:0,createWindow
FNDA:0,(anonymous_14)
FNDA:0,splitPane
FNDA:0,(anonymous_16)
FNDA:0,executeCommand
FNDA:0,checkCommandStatus
FNDA:0,getCommand
FNDA:0,getActiveCommandIds
FNDA:0,cleanupOldCommands
FNDA:0,getEndMarkerText
FNDA:0,sendKeysRaw
FNDA:0,getCompleteHierarchy
DA:1,0
DA:2,0
DA:3,0
DA:5,0
DA:41,0
DA:43,0
DA:45,0
DA:47,0
DA:48,0
DA:50,0
DA:57,0
DA:58,0
DA:59,0
DA:60,0
DA:62,0
DA:69,0
DA:70,0
DA:71,0
DA:72,0
DA:74,0
DA:81,0
DA:82,0
DA:83,0
DA:85,0
DA:87,0
DA:88,0
DA:89,0
DA:101,0
DA:102,0
DA:103,0
DA:104,0
DA:106,0
DA:113,0
DA:114,0
DA:115,0
DA:117,0
DA:119,0
DA:120,0
DA:121,0
DA:133,0
DA:134,0
DA:135,0
DA:137,0
DA:139,0
DA:140,0
DA:141,0
DA:153,0
DA:154,0
DA:160,0
DA:161,0
DA:162,0
DA:168,0
DA:169,0
DA:170,0
DA:171,0
DA:177,0
DA:182,0
DA:183,0
DA:185,0
DA:187,0
DA:191,0
DA:194,0
DA:195,0
DA:198,0
DA:199,0
DA:201,0
DA:206,0
DA:208,0
DA:209,0
DA:212,0
DA:214,0
DA:216,0
DA:218,0
DA:221,0
DA:230,0
DA:232,0
DA:235,0
DA:236,0
DA:237,0
DA:239,0
DA:241,0
DA:244,0
DA:245,0
DA:247,0
DA:248,0
DA:249,0
DA:253,0
DA:254,0
DA:255,0
DA:256,0
DA:260,0
DA:261,0
DA:262,0
DA:266,0
DA:269,0
DA:271,0
DA:272,0
DA:274,0
DA:275,0
DA:276,0
DA:279,0
DA:281,0
DA:284,0
DA:288,0
DA:289,0
DA:293,0
DA:294,0
DA:298,0
DA:299,0
DA:301,0
DA:302,0
DA:304,0
DA:305,0
DA:311,0
DA:321,0
DA:323,0
DA:324,0
DA:349,0
DA:350,0
DA:351,0
DA:353,0
DA:354,0
DA:355,0
DA:357,0
DA:358,0
DA:359,0
DA:361,0
DA:363,0
DA:364,0
DA:365,0
DA:367,0
DA:381,0
DA:383,0
DA:391,0
DA:393,0
DA:403,0
LF:136
LH:0
BRDA:47,0,0,0
BRDA:47,0,1,0
BRDA:85,1,0,0
BRDA:104,2,0,0
BRDA:104,2,1,0
BRDA:117,3,0,0
BRDA:137,4,0,0
BRDA:153,5,0,0
BRDA:171,6,0,0
BRDA:171,6,1,0
BRDA:182,7,0,0
BRDA:182,7,1,0
BRDA:183,8,0,0
BRDA:183,8,1,0
BRDA:199,9,0,0
BRDA:199,9,1,0
BRDA:237,10,0,0
BRDA:239,11,0,0
BRDA:247,12,0,0
BRDA:247,13,0,0
BRDA:247,13,1,0
BRDA:247,13,2,0
BRDA:254,14,0,0
BRDA:261,15,0,0
BRDA:261,15,1,0
BRDA:271,16,0,0
BRDA:271,16,1,0
BRDA:274,17,0,0
BRDA:274,17,1,0
BRDA:289,18,0,0
BRDA:289,18,1,0
BRDA:298,19,0,0
BRDA:304,20,0,0
BRDA:304,21,0,0
BRDA:304,21,1,0
BRDA:311,22,0,0
BRDA:311,22,1,0
BRF:37
BRH:0
end_of_record
TN:
SF:src/tui-manager.ts
FN:44,(anonymous_10)
FN:48,(anonymous_11)
FN:51,(anonymous_12)
FN:51,(anonymous_13)
FN:75,(anonymous_14)
FN:184,(anonymous_15)
FN:187,(anonymous_16)
FN:195,(anonymous_17)
FN:206,(anonymous_18)
FN:211,(anonymous_19)
FN:213,(anonymous_20)
FN:219,(anonymous_21)
FN:225,(anonymous_22)
FN:231,(anonymous_23)
FN:237,(anonymous_24)
FN:244,(anonymous_25)
FN:248,(anonymous_26)
FN:254,(anonymous_27)
FN:260,(anonymous_28)
FN:267,(anonymous_29)
FN:273,(anonymous_30)
FN:277,(anonymous_31)
FN:283,(anonymous_32)
FN:289,(anonymous_33)
FN:293,(anonymous_34)
FN:298,(anonymous_35)
FN:302,(anonymous_36)
FN:307,(anonymous_37)
FN:310,(anonymous_38)
FN:322,(anonymous_39)
FN:336,(anonymous_40)
FN:342,(anonymous_41)
FN:352,(anonymous_42)
FN:369,(anonymous_43)
FN:383,(anonymous_44)
FN:384,(anonymous_45)
FN:399,(anonymous_46)
FN:417,(anonymous_47)
FN:444,(anonymous_48)
FN:506,(anonymous_49)
FN:512,(anonymous_50)
FN:519,(anonymous_51)
FN:526,(anonymous_52)
FN:531,(anonymous_53)
FN:536,(anonymous_54)
FN:542,(anonymous_55)
FN:554,(anonymous_56)
FN:559,(anonymous_57)
FN:566,(anonymous_58)
FN:575,(anonymous_59)
FN:583,(anonymous_60)
FN:589,(anonymous_61)
FN:604,(anonymous_62)
FN:624,(anonymous_63)
FN:630,(anonymous_64)
FN:636,(anonymous_65)
FN:641,(anonymous_66)
FN:646,(anonymous_67)
FN:653,(anonymous_68)
FN:665,(anonymous_69)
FN:676,(anonymous_70)
FN:686,(anonymous_71)
FN:699,(anonymous_72)
FN:706,(anonymous_73)
FN:714,(anonymous_74)
FN:726,(anonymous_75)
FN:739,(anonymous_76)
FN:748,(anonymous_77)
FNF:68
FNH:0
FNDA:0,(anonymous_10)
FNDA:0,(anonymous_11)
FNDA:0,(anonymous_12)
FNDA:0,(anonymous_13)
FNDA:0,(anonymous_14)
FNDA:0,(anonymous_15)
FNDA:0,(anonymous_16)
FNDA:0,(anonymous_17)
FNDA:0,(anonymous_18)
FNDA:0,(anonymous_19)
FNDA:0,(anonymous_20)
FNDA:0,(anonymous_21)
FNDA:0,(anonymous_22)
FNDA:0,(anonymous_23)
FNDA:0,(anonymous_24)
FNDA:0,(anonymous_25)
FNDA:0,(anonymous_26)
FNDA:0,(anonymous_27)
FNDA:0,(anonymous_28)
FNDA:0,(anonymous_29)
FNDA:0,(anonymous_30)
FNDA:0,(anonymous_31)
FNDA:0,(anonymous_32)
FNDA:0,(anonymous_33)
FNDA:0,(anonymous_34)
FNDA:0,(anonymous_35)
FNDA:0,(anonymous_36)
FNDA:0,(anonymous_37)
FNDA:0,(anonymous_38)
FNDA:0,(anonymous_39)
FNDA:0,(anonymous_40)
FNDA:0,(anonymous_41)
FNDA:0,(anonymous_42)
FNDA:0,(anonymous_43)
FNDA:0,(anonymous_44)
FNDA:0,(anonymous_45)
FNDA:0,(anonymous_46)
FNDA:0,(anonymous_47)
FNDA:0,(anonymous_48)
FNDA:0,(anonymous_49)
FNDA:0,(anonymous_50)
FNDA:0,(anonymous_51)
FNDA:0,(anonymous_52)
FNDA:0,(anonymous_53)
FNDA:0,(anonymous_54)
FNDA:0,(anonymous_55)
FNDA:0,(anonymous_56)
FNDA:0,(anonymous_57)
FNDA:0,(anonymous_58)
FNDA:0,(anonymous_59)
FNDA:0,(anonymous_60)
FNDA:0,(anonymous_61)
FNDA:0,(anonymous_62)
FNDA:0,(anonymous_63)
FNDA:0,(anonymous_64)
FNDA:0,(anonymous_65)
FNDA:0,(anonymous_66)
FNDA:0,(anonymous_67)
FNDA:0,(anonymous_68)
FNDA:0,(anonymous_69)
FNDA:0,(anonymous_70)
FNDA:0,(anonymous_71)
FNDA:0,(anonymous_72)
FNDA:0,(anonymous_73)
FNDA:0,(anonymous_74)
FNDA:0,(anonymous_75)
FNDA:0,(anonymous_76)
FNDA:0,(anonymous_77)
DA:1,0
DA:5,0
DA:23,0
DA:31,0
DA:32,0
DA:33,0
DA:34,0
DA:35,0
DA:36,0
DA:39,0
DA:40,0
DA:44,0
DA:51,0
DA:53,0
DA:70,0
DA:71,0
DA:72,0
DA:77,0
DA:96,0
DA:118,0
DA:143,0
DA:164,0
DA:184,0
DA:185,0
DA:187,0
DA:188,0
DA:189,0
DA:190,0
DA:195,0
DA:196,0
DA:197,0
DA:198,0
DA:199,0
DA:200,0
DA:202,0
DA:206,0
DA:207,0
DA:213,0
DA:214,0
DA:215,0
DA:219,0
DA:220,0
DA:221,0
DA:225,0
DA:226,0
DA:227,0
DA:231,0
DA:232,0
DA:233,0
DA:237,0
DA:238,0
DA:239,0
DA:244,0
DA:245,0
DA:248,0
DA:249,0
DA:250,0
DA:254,0
DA:255,0
DA:256,0
DA:260,0
DA:261,0
DA:262,0
DA:267,0
DA:268,0
DA:269,0
DA:273,0
DA:274,0
DA:277,0
DA:278,0
DA:279,0
DA:283,0
DA:284,0
DA:285,0
DA:289,0
DA:290,0
DA:293,0
DA:294,0
DA:298,0
DA:299,0
DA:302,0
DA:303,0
DA:308,0
DA:310,0
DA:311,0
DA:312,0
DA:313,0
DA:318,0
DA:319,0
DA:323,0
DA:325,0
DA:326,0
DA:328,0
DA:329,0
DA:332,0
DA:337,0
DA:340,0
DA:341,0
DA:342,0
DA:343,0
DA:350,0
DA:352,0
DA:353,0
DA:355,0
DA:358,0
DA:361,0
DA:364,0
DA:365,0
DA:371,0
DA:373,0
DA:374,0
DA:375,0
DA:376,0
DA:379,0
DA:380,0
DA:384,0
DA:385,0
DA:388,0
DA:389,0
DA:390,0
DA:393,0
DA:396,0
DA:400,0
DA:401,0
DA:402,0
DA:405,0
DA:406,0
DA:409,0
DA:414,0
DA:417,0
DA:418,0
DA:419,0
DA:421,0
DA:422,0
DA:423,0
DA:424,0
DA:425,0
DA:426,0
DA:428,0
DA:430,0
DA:431,0
DA:434,0
DA:435,0
DA:438,0
DA:441,0
DA:445,0
DA:446,0
DA:447,0
DA:450,0
DA:451,0
DA:452,0
DA:453,0
DA:456,0
DA:458,0
DA:459,0
DA:460,0
DA:461,0
DA:463,0
DA:464,0
DA:465,0
DA:467,0
DA:468,0
DA:471,0
DA:472,0
DA:475,0
DA:476,0
DA:479,0
DA:481,0
DA:482,0
DA:485,0
DA:488,0
DA:490,0
DA:491,0
DA:492,0
DA:493,0
DA:496,0
DA:500,0
DA:503,0
DA:507,0
DA:508,0
DA:513,0
DA:514,0
DA:515,0
DA:520,0
DA:521,0
DA:522,0
DA:527,0
DA:528,0
DA:532,0
DA:533,0
DA:539,0
DA:543,0
DA:544,0
DA:545,0
DA:546,0
DA:548,0
DA:549,0
DA:550,0
DA:555,0
DA:556,0
DA:560,0
DA:561,0
DA:562,0
DA:563,0
DA:567,0
DA:568,0
DA:569,0
DA:570,0
DA:571,0
DA:572,0
DA:576,0
DA:577,0
DA:578,0
DA:579,0
DA:580,0
DA:585,0
DA:590,0
DA:591,0
DA:592,0
DA:594,0
DA:595,0
DA:597,0
DA:600,0
DA:605,0
DA:606,0
DA:608,0
DA:609,0
DA:610,0
DA:612,0
DA:614,0
DA:618,0
DA:619,0
DA:625,0
DA:626,0
DA:627,0
DA:633,0
DA:638,0
DA:642,0
DA:643,0
DA:644,0
DA:646,0
DA:647,0
DA:648,0
DA:654,0
DA:655,0
DA:656,0
DA:657,0
DA:658,0
DA:659,0
DA:660,0
DA:661,0
DA:666,0
DA:667,0
DA:668,0
DA:669,0
DA:670,0
DA:671,0
DA:672,0
DA:677,0
DA:678,0
DA:679,0
DA:680,0
DA:681,0
DA:682,0
DA:687,0
DA:689,0
DA:691,0
DA:693,0
DA:695,0
DA:700,0
DA:701,0
DA:703,0
DA:707,0
DA:711,0
DA:715,0
DA:716,0
DA:717,0
DA:719,0
DA:720,0
DA:721,0
DA:723,0
DA:727,0
DA:728,0
DA:729,0
DA:731,0
DA:732,0
DA:734,0
DA:740,0
DA:741,0
DA:742,0
DA:745,0
DA:749,0
DA:750,0
DA:751,0
DA:753,0
LF:295
LH:0
BRDA:44,0,0,0
BRDA:51,1,0,0
BRDA:51,1,1,0
BRDA:55,2,0,0
BRDA:55,2,1,0
BRDA:114,3,0,0
BRDA:114,3,1,0
BRDA:185,4,0,0
BRDA:188,5,0,0
BRDA:188,5,1,0
BRDA:196,6,0,0
BRDA:196,6,1,0
BRDA:200,7,0,0
BRDA:220,8,0,0
BRDA:226,9,0,0
BRDA:232,10,0,0
BRDA:238,11,0,0
BRDA:249,12,0,0
BRDA:255,13,0,0
BRDA:261,14,0,0
BRDA:268,15,0,0
BRDA:278,16,0,0
BRDA:284,17,0,0
BRDA:308,18,0,0
BRDA:308,18,1,0
BRDA:311,19,0,0
BRDA:340,20,0,0
BRDA:343,21,0,0
BRDA:343,21,1,0
BRDA:343,21,2,0
BRDA:350,22,0,0
BRDA:350,22,1,0
BRDA:353,23,0,0
BRDA:353,23,1,0
BRDA:364,24,0,0
BRDA:385,25,0,0
BRDA:385,25,1,0
BRDA:390,26,0,0
BRDA:390,26,1,0
BRDA:400,27,0,0
BRDA:423,28,0,0
BRDA:423,28,1,0
BRDA:426,29,0,0
BRDA:426,29,1,0
BRDA:430,30,0,0
BRDA:434,31,0,0
BRDA:445,32,0,0
BRDA:451,33,0,0
BRDA:467,34,0,0
BRDA:471,35,0,0
BRDA:475,36,0,0
BRDA:481,37,0,0
BRDA:485,38,0,0
BRDA:485,38,1,0
BRDA:490,39,0,0
BRDA:496,40,0,0
BRDA:496,40,1,0
BRDA:513,41,0,0
BRDA:520,42,0,0
BRDA:590,43,0,0
BRDA:594,44,0,0
BRDA:594,44,1,0
BRDA:605,45,0,0
BRDA:608,46,0,0
BRDA:608,47,0,0
BRDA:608,47,1,0
BRDA:610,48,0,0
BRDA:610,48,1,0
BRDA:641,49,0,0
BRDA:654,50,0,0
BRDA:654,50,1,0
BRDA:654,50,2,0
BRDA:654,50,3,0
BRDA:654,50,4,0
BRDA:654,50,5,0
BRDA:654,50,6,0
BRDA:666,51,0,0
BRDA:666,51,1,0
BRDA:666,51,2,0
BRDA:666,51,3,0
BRDA:666,51,4,0
BRDA:666,51,5,0
BRDA:677,52,0,0
BRDA:677,52,1,0
BRDA:677,52,2,0
BRDA:677,52,3,0
BRDA:677,52,4,0
BRDA:687,53,0,0
BRDA:687,53,1,0
BRDA:687,53,2,0
BRDA:687,53,3,0
BRDA:700,54,0,0
BRDA:707,55,0,0
BRDA:707,55,1,0
BRDA:715,56,0,0
BRDA:716,57,0,0
BRDA:717,58,0,0
BRDA:731,59,0,0
BRDA:731,59,1,0
BRDA:750,60,0,0
BRF:100
BRH:0
end_of_record
TN:
SF:src/components/CommandInputModal.tsx
FN:11,(anonymous_9)
FN:18,(anonymous_10)
FN:30,(anonymous_11)
FN:35,(anonymous_12)
FN:39,(anonymous_13)
FNF:5
FNH:0
FNDA:0,(anonymous_9)
FNDA:0,(anonymous_10)
FNDA:0,(anonymous_11)
FNDA:0,(anonymous_12)
FNDA:0,(anonymous_13)
DA:1,0
DA:2,0
DA:11,0
DA:16,0
DA:18,0
DA:19,0
DA:20,0
DA:21,0
DA:24,0
DA:25,0
DA:26,0
DA:29,0
DA:30,0
DA:31,0
DA:34,0
DA:35,0
DA:39,0
DA:40,0
DA:42,0
DA:44,0
DA:46,0
DA:50,0
LF:22
LH:0
BRDA:19,0,0,0
BRDA:24,1,0,0
BRDA:29,2,0,0
BRDA:29,3,0,0
BRDA:29,3,1,0
BRDA:34,4,0,0
BRDA:34,5,0,0
BRDA:34,5,1,0
BRDA:34,5,2,0
BRDA:40,6,0,0
BRDA:40,6,1,0
BRDA:40,6,2,0
BRF:12
BRH:0
end_of_record
TN:
SF:src/components/CommandListBox.tsx
FN:20,(anonymous_9)
FN:28,(anonymous_10)
FN:40,(anonymous_11)
FN:47,(anonymous_12)
FN:63,(anonymous_13)
FN:87,(anonymous_14)
FN:112,(anonymous_15)
FNF:7
FNH:0
FNDA:0,(anonymous_9)
FNDA:0,(anonymous_10)
FNDA:0,(anonymous_11)
FNDA:0,(anonymous_12)
FNDA:0,(anonymous_13)
FNDA:0,(anonymous_14)
FNDA:0,(anonymous_15)
DA:1,0
DA:2,0
DA:20,0
DA:28,0
DA:29,0
DA:30,0
DA:31,0
DA:32,0
DA:33,0
DA:34,0
DA:35,0
DA:36,0
DA:40,0
DA:41,0
DA:42,0
DA:44,0
DA:47,0
DA:48,0
DA:52,0
DA:53,0
DA:54,0
DA:56,0
DA:57,0
DA:58,0
DA:60,0
DA:63,0
DA:64,0
DA:65,0
DA:66,0
DA:68,0
DA:69,0
DA:71,0
DA:76,0
DA:81,0
DA:82,0
DA:83,0
DA:85,0
DA:87,0
DA:89,0
DA:90,0
DA:91,0
DA:93,0
DA:94,0
DA:101,0
DA:104,0
DA:105,0
DA:112,0
DA:113,0
DA:114,0
DA:115,0
DA:117,0
DA:118,0
DA:119,0
DA:120,0
DA:121,0
DA:124,0
DA:127,0
DA:128,0
DA:132,0
DA:134,0
DA:135,0
DA:136,0
DA:137,0
DA:138,0
DA:140,0
DA:142,0
DA:143,0
DA:145,0
DA:146,0
DA:148,0
DA:149,0
DA:151,0
DA:152,0
DA:154,0
DA:158,0
DA:170,0
DA:171,0
DA:172,0
DA:174,0
DA:175,0
DA:182,0
DA:185,0
LF:82
LH:0
BRDA:29,0,0,0
BRDA:29,0,1,0
BRDA:29,0,2,0
BRDA:29,0,3,0
BRDA:29,0,4,0
BRDA:29,0,5,0
BRDA:29,0,6,0
BRDA:41,1,0,0
BRDA:48,2,0,0
BRDA:48,2,1,0
BRDA:52,3,0,0
BRDA:53,4,0,0
BRDA:54,5,0,0
BRDA:68,6,0,0
BRDA:68,6,1,0
BRDA:76,7,0,0
BRDA:76,7,1,0
BRDA:89,8,0,0
BRDA:89,8,1,0
BRDA:93,9,0,0
BRDA:119,10,0,0
BRDA:119,10,1,0
BRDA:127,11,0,0
BRDA:134,12,0,0
BRDA:134,12,1,0
BRDA:136,13,0,0
BRDA:136,13,1,0
BRDA:136,14,0,0
BRDA:136,14,1,0
BRDA:138,15,0,0
BRDA:138,16,0,0
BRDA:138,16,1,0
BRDA:138,16,2,0
BRDA:140,17,0,0
BRDA:140,17,1,0
BRDA:140,17,2,0
BRDA:140,17,3,0
BRDA:140,17,4,0
BRDA:170,18,0,0
BRDA:170,18,1,0
BRF:40
BRH:0
end_of_record
TN:
SF:src/components/CopyModeOverlay.tsx
FN:12,(anonymous_1)
FN:17,(anonymous_2)
FN:32,(anonymous_3)
FN:47,(anonymous_4)
FNF:4
FNH:0
FNDA:0,(anonymous_1)
FNDA:0,(anonymous_2)
FNDA:0,(anonymous_3)
FNDA:0,(anonymous_4)
DA:1,0
DA:2,0
DA:4,0
DA:12,0
DA:17,0
DA:18,0
DA:20,0
DA:22,0
DA:24,0
DA:26,0
DA:28,0
DA:32,0
DA:33,0
DA:35,0
DA:37,0
DA:39,0
DA:41,0
DA:43,0
DA:47,0
DA:48,0
DA:50,0
DA:52,0
DA:54,0
DA:56,0
DA:58,0
DA:62,0
DA:63,0
DA:64,0
DA:65,0
DA:67,0
LF:30
LH:0
BRDA:18,0,0,0
BRDA:18,0,1,0
BRDA:18,0,2,0
BRDA:18,0,3,0
BRDA:18,0,4,0
BRDA:33,1,0,0
BRDA:33,1,1,0
BRDA:33,1,2,0
BRDA:33,1,3,0
BRDA:33,1,4,0
BRDA:48,2,0,0
BRDA:48,2,1,0
BRDA:48,2,2,0
BRDA:48,2,3,0
BRDA:48,2,4,0
BRDA:92,3,0,0
BRDA:92,3,1,0
BRDA:93,4,0,0
BRDA:93,4,1,0
BRDA:99,5,0,0
BRDA:99,5,1,0
BRDA:104,6,0,0
BRDA:104,6,1,0
BRDA:107,7,0,0
BRDA:107,7,1,0
BRDA:110,8,0,0
BRDA:110,8,1,0
BRDA:113,9,0,0
BRDA:113,9,1,0
BRF:29
BRH:0
end_of_record
TN:
SF:src/components/HeaderBox.tsx
FN:13,(anonymous_1)
FN:20,(anonymous_2)
FN:31,(anonymous_3)
FNF:3
FNH:0
FNDA:0,(anonymous_1)
FNDA:0,(anonymous_2)
FNDA:0,(anonymous_3)
DA:1,0
DA:2,0
DA:13,0
DA:20,0
DA:21,0
DA:22,0
DA:23,0
DA:24,0
DA:25,0
DA:26,0
DA:27,0
DA:31,0
DA:32,0
DA:33,0
DA:34,0
DA:35,0
DA:36,0
DA:37,0
DA:41,0
DA:44,0
DA:46,0
LF:21
LH:0
BRDA:21,0,0,0
BRDA:21,0,1,0
BRDA:21,0,2,0
BRDA:21,0,3,0
BRDA:21,0,4,0
BRDA:21,0,5,0
BRDA:32,1,0,0
BRDA:32,1,1,0
BRDA:32,1,2,0
BRDA:32,1,3,0
BRDA:32,1,4,0
BRDA:41,2,0,0
BRDA:41,2,1,0
BRF:13
BRH:0
end_of_record
TN:
SF:src/components/PreviewPaneBox.tsx
FN:9,(anonymous_1)
FN:12,(anonymous_2)
FN:24,(anonymous_3)
FN:108,(anonymous_4)
FNF:4
FNH:0
FNDA:0,(anonymous_1)
FNDA:0,(anonymous_2)
FNDA:0,(anonymous_3)
FNDA:0,(anonymous_4)
DA:1,0
DA:2,0
DA:9,0
DA:12,0
DA:13,0
DA:14,0
DA:15,0
DA:16,0
DA:17,0
DA:18,0
DA:19,0
DA:20,0
DA:24,0
DA:25,0
DA:26,0
DA:27,0
DA:29,0
DA:30,0
DA:31,0
DA:33,0
DA:36,0
DA:37,0
DA:52,0
DA:56,0
DA:68,0
DA:69,0
DA:72,0
DA:73,0
DA:76,0
DA:77,0
DA:80,0
DA:84,0
DA:85,0
DA:90,0
DA:94,0
DA:95,0
DA:101,0
DA:102,0
DA:107,0
DA:108,0
DA:109,0
DA:112,0
DA:116,0
LF:43
LH:0
BRDA:13,0,0,0
BRDA:13,0,1,0
BRDA:13,0,2,0
BRDA:13,0,3,0
BRDA:13,0,4,0
BRDA:13,0,5,0
BRDA:13,0,6,0
BRDA:25,1,0,0
BRDA:26,2,0,0
BRDA:27,3,0,0
BRDA:36,4,0,0
BRDA:52,5,0,0
BRDA:52,5,1,0
BRDA:68,6,0,0
BRDA:72,7,0,0
BRDA:76,8,0,0
BRDA:84,9,0,0
BRDA:94,10,0,0
BRDA:101,11,0,0
BRDA:101,11,1,0
BRDA:102,12,0,0
BRDA:102,12,1,0
BRDA:109,13,0,0
BRDA:109,13,1,0
BRF:24
BRH:0
end_of_record
TN:
SF:src/components/StatusBarBox.tsx
FN:9,(anonymous_1)
FN:12,(anonymous_2)
FNF:2
FNH:0
FNDA:0,(anonymous_1)
FNDA:0,(anonymous_2)
DA:1,0
DA:2,0
DA:9,0
DA:12,0
DA:13,0
DA:15,0
DA:17,0
DA:19,0
DA:21,0
DA:23,0
DA:27,0
LF:11
LH:0
BRDA:13,0,0,0
BRDA:13,0,1,0
BRDA:13,0,2,0
BRDA:13,0,3,0
BRDA:13,0,4,0
BRF:5
BRH:0
end_of_record
TN:
SF:src/hooks/useInputHandler.tsx
FN:48,(anonymous_0)
FN:52,(anonymous_1)
FN:94,(anonymous_2)
FN:192,(anonymous_3)
FN:276,(anonymous_4)
FNF:5
FNH:0
FNDA:0,(anonymous_0)
FNDA:0,(anonymous_1)
FNDA:0,(anonymous_2)
FNDA:0,(anonymous_3)
FNDA:0,(anonymous_4)
DA:1,0
DA:48,0
DA:52,0
DA:54,0
DA:56,0
DA:57,0
DA:58,0
DA:65,0
DA:66,0
DA:67,0
DA:70,0
DA:71,0
DA:72,0
DA:76,0
DA:78,0
DA:79,0
DA:81,0
DA:82,0
DA:84,0
DA:85,0
DA:89,0
DA:94,0
DA:96,0
DA:97,0
DA:99,0
DA:100,0
DA:102,0
DA:103,0
DA:105,0
DA:106,0
DA:108,0
DA:109,0
DA:111,0
DA:112,0
DA:114,0
DA:115,0
DA:120,0
DA:122,0
DA:123,0
DA:125,0
DA:126,0
DA:129,0
DA:130,0
DA:133,0
DA:134,0
DA:136,0
DA:137,0
DA:140,0
DA:141,0
DA:145,0
DA:146,0
DA:147,0
DA:148,0
DA:149,0
DA:150,0
DA:151,0
DA:152,0
DA:156,0
DA:158,0
DA:159,0
DA:161,0
DA:162,0
DA:164,0
DA:165,0
DA:167,0
DA:168,0
DA:172,0
DA:174,0
DA:175,0
DA:177,0
DA:178,0
DA:182,0
DA:183,0
DA:187,0
DA:192,0
DA:196,0
DA:197,0
DA:198,0
DA:202,0
DA:203,0
DA:205,0
DA:206,0
DA:208,0
DA:209,0
DA:211,0
DA:212,0
DA:214,0
DA:215,0
DA:217,0
DA:218,0
DA:220,0
DA:221,0
DA:226,0
DA:228,0
DA:229,0
DA:231,0
DA:232,0
DA:234,0
DA:235,0
DA:237,0
DA:238,0
DA:242,0
DA:243,0
DA:244,0
DA:245,0
DA:249,0
DA:250,0
DA:254,0
DA:256,0
DA:257,0
DA:259,0
DA:262,0
DA:264,0
DA:266,0
DA:267,0
DA:271,0
DA:276,0
DA:278,0
DA:279,0
DA:281,0
DA:282,0
DA:284,0
DA:285,0
DA:287,0
DA:288,0
DA:290,0
DA:291,0
DA:293,0
DA:294,0
DA:296,0
DA:297,0
DA:302,0
DA:304,0
DA:305,0
DA:307,0
DA:308,0
DA:310,0
DA:311,0
DA:313,0
DA:314,0
DA:318,0
DA:319,0
DA:320,0
DA:321,0
DA:322,0
DA:323,0
DA:324,0
DA:325,0
DA:329,0
DA:331,0
DA:332,0
DA:334,0
DA:335,0
DA:337,0
DA:338,0
DA:340,0
DA:341,0
DA:345,0
DA:346,0
DA:350,0
DA:351,0
LF:161
LH:0
BRDA:54,0,0,0
BRDA:56,1,0,0
BRDA:56,2,0,0
BRDA:56,2,1,0
BRDA:56,2,2,0
BRDA:65,3,0,0
BRDA:65,4,0,0
BRDA:65,4,1,0
BRDA:70,5,0,0
BRDA:70,6,0,0
BRDA:70,6,1,0
BRDA:76,7,0,0
BRDA:76,7,1,0
BRDA:76,7,2,0
BRDA:76,7,3,0
BRDA:76,7,4,0
BRDA:96,8,0,0
BRDA:97,9,0,0
BRDA:97,9,1,0
BRDA:97,9,2,0
BRDA:97,9,3,0
BRDA:97,9,4,0
BRDA:97,9,5,0
BRDA:120,10,0,0
BRDA:120,10,1,0
BRDA:120,10,2,0
BRDA:120,10,3,0
BRDA:120,10,4,0
BRDA:120,10,5,0
BRDA:145,11,0,0
BRDA:145,11,1,0
BRDA:147,12,0,0
BRDA:147,12,1,0
BRDA:149,13,0,0
BRDA:149,13,1,0
BRDA:151,14,0,0
BRDA:156,15,0,0
BRDA:156,15,1,0
BRDA:156,15,2,0
BRDA:156,15,3,0
BRDA:172,16,0,0
BRDA:172,16,1,0
BRDA:182,17,0,0
BRDA:187,18,0,0
BRDA:196,19,0,0
BRDA:202,20,0,0
BRDA:203,21,0,0
BRDA:203,21,1,0
BRDA:203,21,2,0
BRDA:203,21,3,0
BRDA:203,21,4,0
BRDA:203,21,5,0
BRDA:226,22,0,0
BRDA:226,22,1,0
BRDA:226,22,2,0
BRDA:226,22,3,0
BRDA:242,23,0,0
BRDA:242,23,1,0
BRDA:244,24,0,0
BRDA:249,25,0,0
BRDA:249,26,0,0
BRDA:249,26,1,0
BRDA:254,27,0,0
BRDA:254,27,1,0
BRDA:254,27,2,0
BRDA:259,28,0,0
BRDA:271,29,0,0
BRDA:278,30,0,0
BRDA:279,31,0,0
BRDA:279,31,1,0
BRDA:279,31,2,0
BRDA:279,31,3,0
BRDA:279,31,4,0
BRDA:279,31,5,0
BRDA:302,32,0,0
BRDA:302,32,1,0
BRDA:302,32,2,0
BRDA:302,32,3,0
BRDA:318,33,0,0
BRDA:318,33,1,0
BRDA:320,34,0,0
BRDA:320,34,1,0
BRDA:322,35,0,0
BRDA:322,35,1,0
BRDA:324,36,0,0
BRDA:329,37,0,0
BRDA:329,37,1,0
BRDA:329,37,2,0
BRDA:329,37,3,0
BRDA:345,38,0,0
BRDA:350,39,0,0
BRDA:350,40,0,0
BRDA:350,40,1,0
BRF:93
BRH:0
end_of_record
TN:
SF:src/hooks/usePolling.tsx
FN:3,(anonymous_0)
FN:12,(anonymous_1)
FN:17,(anonymous_2)
FN:18,(anonymous_3)
FN:30,(anonymous_4)
FN:37,(anonymous_5)
FN:45,(anonymous_6)
FN:54,(anonymous_7)
FN:55,(anonymous_8)
FNF:9
FNH:0
FNDA:0,(anonymous_0)
FNDA:0,(anonymous_1)
FNDA:0,(anonymous_2)
FNDA:0,(anonymous_3)
FNDA:0,(anonymous_4)
FNDA:0,(anonymous_5)
FNDA:0,(anonymous_6)
FNDA:0,(anonymous_7)
FNDA:0,(anonymous_8)
DA:1,0
DA:3,0
DA:8,0
DA:9,0
DA:12,0
DA:13,0
DA:17,0
DA:18,0
DA:19,0
DA:20,0
DA:21,0
DA:23,0
DA:28,0
DA:30,0
DA:32,0
DA:33,0
DA:37,0
DA:38,0
DA:39,0
DA:40,0
DA:45,0
DA:46,0
DA:47,0
DA:48,0
DA:54,0
DA:55,0
DA:56,0
DA:57,0
LF:28
LH:0
BRDA:6,0,0,0
BRDA:19,1,0,0
BRDA:28,2,0,0
BRDA:28,3,0,0
BRDA:28,3,1,0
BRDA:32,4,0,0
BRDA:32,5,0,0
BRDA:32,5,1,0
BRDA:38,6,0,0
BRDA:46,7,0,0
BRDA:56,8,0,0
BRF:11
BRH:0
end_of_record
TN:
SF:src/hooks/useScrolling.tsx
FN:24,(anonymous_0)
FN:33,(anonymous_1)
FN:38,(anonymous_2)
FN:51,(anonymous_3)
FN:60,(anonymous_4)
FN:69,(anonymous_5)
FN:78,(anonymous_6)
FN:87,(anonymous_7)
FN:99,(anonymous_8)
FN:111,(anonymous_9)
FN:117,(anonymous_10)
FN:126,(anonymous_11)
FN:141,(anonymous_12)
FNF:13
FNH:0
FNDA:0,(anonymous_0)
FNDA:0,(anonymous_1)
FNDA:0,(anonymous_2)
FNDA:0,(anonymous_3)
FNDA:0,(anonymous_4)
FNDA:0,(anonymous_5)
FNDA:0,(anonymous_6)
FNDA:0,(anonymous_7)
FNDA:0,(anonymous_8)
FNDA:0,(anonymous_9)
FNDA:0,(anonymous_10)
FNDA:0,(anonymous_11)
FNDA:0,(anonymous_12)
DA:1,0
DA:24,0
DA:30,0
DA:33,0
DA:34,0
DA:38,0
DA:39,0
DA:41,0
DA:43,0
DA:44,0
DA:46,0
DA:51,0
DA:52,0
DA:54,0
DA:55,0
DA:56,0
DA:60,0
DA:61,0
DA:63,0
DA:64,0
DA:65,0
DA:69,0
DA:70,0
DA:72,0
DA:73,0
DA:74,0
DA:78,0
DA:79,0
DA:81,0
DA:82,0
DA:83,0
DA:87,0
DA:88,0
DA:90,0
DA:91,0
DA:92,0
DA:94,0
DA:95,0
DA:99,0
DA:100,0
DA:102,0
DA:103,0
DA:104,0
DA:106,0
DA:107,0
DA:111,0
DA:112,0
DA:113,0
DA:117,0
DA:118,0
DA:120,0
DA:121,0
DA:122,0
DA:126,0
DA:127,0
DA:129,0
DA:130,0
DA:133,0
DA:134,0
DA:135,0
DA:136,0
DA:141,0
DA:142,0
DA:144,0
DA:145,0
DA:148,0
DA:149,0
DA:150,0
DA:151,0
DA:155,0
LF:70
LH:0
BRDA:41,0,0,0
BRDA:41,0,1,0
BRDA:44,1,0,0
BRDA:52,2,0,0
BRDA:61,3,0,0
BRDA:70,4,0,0
BRDA:79,5,0,0
BRDA:88,6,0,0
BRDA:100,7,0,0
BRDA:118,8,0,0
BRDA:127,9,0,0
BRDA:133,10,0,0
BRDA:133,10,1,0
BRDA:135,11,0,0
BRDA:142,12,0,0
BRDA:148,13,0,0
BRDA:148,13,1,0
BRDA:150,14,0,0
BRF:18
BRH:0
end_of_record
TN:
SF:src/utils/clipboard.ts
FN:11,copyToClipboard
FN:42,(anonymous_1)
FN:46,(anonymous_2)
FN:50,(anonymous_3)
FN:66,(anonymous_4)
FN:94,tryWlCopy
FN:95,(anonymous_6)
FN:99,(anonymous_7)
FN:103,(anonymous_8)
FN:114,(anonymous_9)
FN:129,displayToConsole
FN:139,copyWithFallback
FNF:12
FNH:0
FNDA:0,copyToClipboard
FNDA:0,(anonymous_1)
FNDA:0,(anonymous_2)
FNDA:0,(anonymous_3)
FNDA:0,(anonymous_4)
FNDA:0,tryWlCopy
FNDA:0,(anonymous_6)
FNDA:0,(anonymous_7)
FNDA:0,(anonymous_8)
FNDA:0,(anonymous_9)
FNDA:0,displayToConsole
FNDA:0,copyWithFallback
DA:1,0
DA:11,0
DA:12,0
DA:13,0
DA:16,0
DA:17,0
DA:19,0
DA:22,0
DA:24,0
DA:25,0
DA:28,0
DA:29,0
DA:30,0
DA:32,0
DA:33,0
DA:35,0
DA:42,0
DA:43,0
DA:44,0
DA:46,0
DA:47,0
DA:50,0
DA:51,0
DA:52,0
DA:55,0
DA:56,0
DA:58,0
DA:66,0
DA:67,0
DA:69,0
DA:71,0
DA:79,0
DA:80,0
DA:84,0
DA:95,0
DA:96,0
DA:97,0
DA:99,0
DA:100,0
DA:103,0
DA:104,0
DA:105,0
DA:107,0
DA:114,0
DA:115,0
DA:121,0
DA:122,0
DA:129,0
DA:130,0
DA:131,0
DA:132,0
DA:133,0
DA:139,0
DA:140,0
DA:142,0
DA:143,0
DA:144,0
DA:150,0
LF:58
LH:0
BRDA:12,0,0,0
BRDA:12,1,0,0
BRDA:12,1,1,0
BRDA:22,2,0,0
BRDA:22,2,1,0
BRDA:22,2,2,0
BRDA:22,2,3,0
BRDA:51,3,0,0
BRDA:51,3,1,0
BRDA:55,4,0,0
BRDA:55,4,1,0
BRDA:55,5,0,0
BRDA:55,5,1,0
BRDA:60,6,0,0
BRDA:60,6,1,0
BRDA:67,7,0,0
BRDA:67,7,1,0
BRDA:67,8,0,0
BRDA:67,8,1,0
BRDA:86,9,0,0
BRDA:86,9,1,0
BRDA:104,10,0,0
BRDA:104,10,1,0
BRDA:109,11,0,0
BRDA:109,11,1,0
BRDA:129,12,0,0
BRDA:139,13,0,0
BRDA:142,14,0,0
BRF:28
BRH:0
end_of_record
TN:
SF:src/utils/copyFormatter.ts
FN:7,formatCommandOnly
FN:14,formatOutputOnly
FN:24,formatMetadata
FN:70,formatFullCommand
FN:93,formatMultipleCommands
FN:101,(anonymous_5)
FN:134,formatContent
FN:164,formatDuration
FN:179,getCopyTargetDescription
FN:197,getCopyTargetLabel
FN:220,getNextCopyTarget
FN:229,getPreviousCopyTarget
FNF:12
FNH:0
FNDA:0,formatCommandOnly
FNDA:0,formatOutputOnly
FNDA:0,formatMetadata
FNDA:0,formatFullCommand
FNDA:0,formatMultipleCommands
FNDA:0,(anonymous_5)
FNDA:0,formatContent
FNDA:0,formatDuration
FNDA:0,getCopyTargetDescription
FNDA:0,getCopyTargetLabel
FNDA:0,getNextCopyTarget
FNDA:0,getPreviousCopyTarget
DA:7,0
DA:8,0
DA:14,0
DA:15,0
DA:16,0
DA:18,0
DA:24,0
DA:25,0
DA:27,0
DA:28,0
DA:29,0
DA:31,0
DA:32,0
DA:35,0
DA:36,0
DA:39,0
DA:40,0
DA:43,0
DA:45,0
DA:46,0
DA:50,0
DA:54,0
DA:56,0
DA:57,0
DA:60,0
DA:61,0
DA:64,0
DA:70,0
DA:71,0
DA:74,0
DA:75,0
DA:76,0
DA:79,0
DA:80,0
DA:81,0
DA:84,0
DA:85,0
DA:87,0
DA:93,0
DA:97,0
DA:98,0
DA:101,0
DA:104,0
DA:106,0
DA:107,0
DA:109,0
DA:110,0
DA:112,0
DA:113,0
DA:115,0
DA:116,0
DA:118,0
DA:121,0
DA:122,0
DA:124,0
DA:128,0
DA:134,0
DA:138,0
DA:139,0
DA:142,0
DA:143,0
DA:144,0
DA:146,0
DA:148,0
DA:150,0
DA:152,0
DA:154,0
DA:158,0
DA:165,0
DA:166,0
DA:167,0
DA:169,0
DA:170,0
DA:171,0
DA:173,0
DA:179,0
DA:180,0
DA:182,0
DA:184,0
DA:186,0
DA:188,0
DA:190,0
DA:197,0
DA:198,0
DA:200,0
DA:202,0
DA:204,0
DA:206,0
DA:208,0
DA:215,0
DA:220,0
DA:221,0
DA:222,0
DA:223,0
DA:229,0
DA:230,0
DA:231,0
DA:232,0
LF:98
LH:0
BRDA:15,0,0,0
BRDA:15,1,0,0
BRDA:15,1,1,0
BRDA:31,2,0,0
BRDA:35,3,0,0
BRDA:39,4,0,0
BRDA:45,5,0,0
BRDA:50,6,0,0
BRDA:50,6,1,0
BRDA:56,7,0,0
BRDA:60,8,0,0
BRDA:97,9,0,0
BRDA:104,10,0,0
BRDA:104,10,1,0
BRDA:104,10,2,0
BRDA:104,10,3,0
BRDA:104,10,4,0
BRDA:121,11,0,0
BRDA:121,11,1,0
BRDA:138,12,0,0
BRDA:142,13,0,0
BRDA:144,14,0,0
BRDA:144,14,1,0
BRDA:144,14,2,0
BRDA:144,14,3,0
BRDA:144,14,4,0
BRDA:165,15,0,0
BRDA:166,16,0,0
BRDA:167,17,0,0
BRDA:180,18,0,0
BRDA:180,18,1,0
BRDA:180,18,2,0
BRDA:180,18,3,0
BRDA:180,18,4,0
BRDA:198,19,0,0
BRDA:198,19,1,0
BRDA:198,19,2,0
BRDA:198,19,3,0
BRDA:198,19,4,0
BRDA:231,20,0,0
BRDA:231,20,1,0
BRF:41
BRH:0
end_of_record
